
  Fila: 19 cenas | cota restante hoje: 19
[19:31:03]   conta ativa: perfil 'profissional' -> notebook 222aaa91-eeb…
[19:31:03] cena 2: Satã desperta no lago de fogo: "darkness visible"
[19:31:09]    criado a5244f0a-51c...
[19:33:09] cena 3: "The mind is its own place"
[19:33:15]    criado aec3b73d-cf5...
[19:35:15] cena 4: "Better to reign in Hell than serve in Heaven"
[19:35:21]    criado e4a619ae-7e0...
[19:37:21] cena 5: Pandæmonium ergue-se e o grande conselho é convoca
[19:37:28]    criado 548454fd-864...
[19:39:28] cena 6: O Concílio Infernal: Moloch, Belial e Mammon
[19:39:33]    criado fd6b97ad-ac7...
[19:41:33] cena 7: Belzebu revela o plano contra o Homem; Satã se ofe
[19:41:39]    criado 0c22bfdd-d8f...
[19:43:39] cena 8: Os passatempos dos caídos: "in wandering mazes los
[19:43:45]    criado a1414c36-b53...
[19:45:45] cena 9: No portão do Inferno: Pecado e Morte, a alegoria d
[19:45:51]    criado d6bdbcda-441...
[19:47:51] cena 10: A travessia do Abismo: Satã, o Caos e a velha Noit
[19:47:58]    criado 00ff1aef-877...
[19:49:58] cena 11: "Hail, holy Light" — a cegueira e a luz interior
[19:50:04]    criado 63924923-805...
[19:52:04] cena 12: "Sufficient to have stood, though free to fall"
[19:52:10]    criado 5db65984-1e7...
[19:54:10] cena 13: "Behold me then: me for him" — o Filho se oferece
[19:54:17]    criado e23eb05a-040...
[19:56:17] cena 14: "The false dissembler unperceived" — Satã engana U
[19:56:23]    criado 03c15085-f26...
[19:58:23] cena 15: "Myself am Hell" — o solilóquio no Monte Niphates
[19:58:29]    criado 8508a4d7-cff...
[20:00:29] cena 16: "In naked majesty" — a primeira visão de Adão e Ev
[20:00:35]    criado afbd32a1-9f4...
[20:02:35] cena 17: "Another sky" — Eva diante de sua imagem no lago
[20:02:41]    criado 8991e89c-a55...
[20:04:41] cena 18: "Hail, wedded Love" — a oração da noite e o carama
[20:04:47]    criado 295e09fc-622...
[20:06:47] cena 19: "Squat like a toad" — Satã descoberto e pesado nas
[20:06:53]    criado 4eec60a7-8e6...
[20:08:53] cena 20: O sonho de Eva: "of offence and trouble"
[20:08:58]    criado 0384c48c-e00...

  criados=19 deferred=0 falhas=0

