== Alvo: 283 vídeos. Notebook 1ddd8d90-f423-40e7-a2b5-a4931d52b079 ==
Já presentes: 0
Pendentes: 283
-- Lote 1: enviando 20 (no notebook ~0) ...
source: Reordering Desire: The True Purpose of Prayer | The Gospels
  Source ID: cdbdbed3-e0a9-416a-85df-2b850784d27c
✓ Added source: Acknowledge Your Past to Retake Your Future | Greg Laurie
  Source ID: fe5fd838-c1d3-40cf-ba48-a81bb7853784
✓ Added source: Season 5 Will Blow You Away: "The Chosen" | Dallas Jenkins
  Source ID: 4573e6b6-805e-455f-8be5-663aabcd4034
✓ Added source: We Who Wrestle With God: In the Image of God
  Source ID: 89e88d6d-804f-4590-9aee-fdf831b30ba6

✓ 20 source(s) added.
-- Lote 2: enviando 20 (no notebook ~20) ...
4a7
✓ Added source: Psychopathy by Design | Jamie Wheal
  Source ID: 096206ad-ef26-4c16-954d-ef87f6c4454c
✓ Added source: Man's Role in Co-Creation | Jamie Wheal
  Source ID: 2084de62-e97f-4739-bb95-165f053cecf8
✓ Added source: When the Metaphorical Becomes Physical | Bret Weinstein and 
Heather Heying
  Source ID: 35f3d7c3-1203-479e-a981-b3e17b25174f
✓ Added source: Socrates, Jesus, and the Fall of Rome | Dr. John Vervaeke
  Source ID: 2c8ec027-cba4-4187-8bb4-7f3a6d8e94f4

✓ 20 source(s) added.
-- Lote 3: enviando 20 (no notebook ~40) ...
ue Nature of Eve
  Source ID: 66493413-38fc-4192-a4c4-4f5cec7a7b31
✓ Added source: Is Heaven Supposed To Be Perfect?
  Source ID: 9158a5a2-efe9-456f-b6f5-dcb9e648a834
✓ Added source: But Did It "Really" Happen? | Alex O'Connor
  Source ID: 1c79847e-7d36-422a-b031-2d0189ef6587
✓ Added source: The Case for Living a Moral Life | Ronnie Janoff-Bulman
  Source ID: 11d10f86-2fee-438c-8f1b-a8c18f220719
✓ Added source: What Is God?
  Source ID: 3c9338c1-23db-4738-a033-d59d7d74f70b

✓ 20 source(s) added.
-- Lote 4: enviando 20 (no notebook ~60) ...
-cdcb0873b354
✓ Added source: The Development of the Individual Requires Sacrifice | Russell 
Brand & Mikhaila & Jordan Peterson
  Source ID: 52453e40-7ad9-4aa6-ad0c-3e21c62c8b0c
✓ Added source: Imitation as a Gateway to Development | Russell Brand & Mikhaila
& Jordan Peterson
  Source ID: 37688741-3dfe-4d62-b0d1-41d6eb4d3a92
✓ Added source: The Physical Path to Exploring the Hero Archetype With Wim Hof 
and Jordan Peterson
  Source ID: 2f4a7d5c-7181-40fc-aaf6-47570d30180a

✓ 18 source(s) added.
-- Lote 5: enviando 20 (no notebook ~80) ...
source: Heavens on Earth with skeptical Dr. Michael Shermer
  Source ID: 5151a9a9-90c3-427e-93cf-dd4b61208dd8
✓ Added source: Lecture: Biblical Series XV: Joseph and the Coat of Many Colors
  Source ID: c4ef8e61-2841-441c-aca6-f29d5660009d
✓ Added source: Lecture: Biblical Series XIV: Jacob: Wrestling with God
  Source ID: 552786dc-e292-4efd-84a5-e43566931455
✓ Added source: Campus Indoctrination: The Parasitization of Myth
  Source ID: d3949f5a-5a34-4438-9e01-45f652169c58

✓ 20 source(s) added.
-- Lote 6: enviando 20 (no notebook ~100) ...
lical Series III: God and the Hierarchy of Authority
  Source ID: 001f8668-7685-43f2-ba9f-3943cf8fc13f
✓ Added source: Lecture: Biblical Series II: Genesis 1: Chaos & Order
  Source ID: 8259cf9f-12a7-4ddb-b1bf-59b9c580e542
✓ Added source: 2017 Maps of Meaning 12: Final: The Divinity of the Individual
  Source ID: 7221b0b4-e739-418e-a30e-860af561aac0
✓ Added source: Lecture: Biblical Series I: Introduction to the Idea of God
  Source ID: a9eb9476-6fca-48d6-a5c9-f26f9d096c2f

✓ 19 source(s) added.
-- Lote 7: enviando 20 (no notebook ~120) ...
sychometrics/The 
Big 5
  Source ID: 6d10c6d4-4137-426b-951c-d8939ea27641
✓ Added source: 2017 Personality 13: Existentialism via Solzhenitsyn and the 
Gulag
  Source ID: fcdc4d8b-bca3-4d04-bf6b-584c173a4be2
✓ Added source: 2017 Personality 11: Existentialism: Nietzsche Dostoevsky & 
Kierkegaard
  Source ID: 8120a9fd-2995-49bb-a095-7a7e5156c8bc
✓ Added source: 2017 Personality 12: Heidegger, Binswanger, Boss (Phenomenology)
  Source ID: 15939b67-7c28-49c2-95c7-0313fa25ade3

✓ 18 source(s) added.
-- Lote 8: enviando 20 (no notebook ~140) ...
: The Metaphysics of Pepe with Jonathan Pageau
  Source ID: 9b48295b-c7ff-482b-b352-48a37821a4c9
✓ Added source: 2016/11/29: Tradition and Things That Don't Fit with Jonathan 
Pageau
  Source ID: 0b433d58-56d2-4b79-a81d-da41f2bd75ec
✓ Added source: 2016 Lecture 06 Maps of Meaning: Part II: The Primordial 
Narrative continued
  Source ID: dae17076-a048-43ea-b82d-14f0728b2450
✓ Added source: 2016 Personality Lecture 15: Final
  Source ID: b8e8b793-067c-43d2-8c45-fac95c3b12eb

✓ 19 source(s) added.
-- Lote 9: enviando 20 (no notebook ~160) ...
 Lecture 05: Maps of Meaning: Part I: Anomaly and the brain
  Source ID: 18421d6b-6694-449c-8a96-b3a617712763
✓ Added source: 2016 Personality Lecture 06: Freud: An Overview
  Source ID: 78ddb5cf-bc92-42c2-991d-eb8d077390e1
✓ Added source: 2016 Lecture 04 Maps of Meaning: Anomaly
  Source ID: 817e6d73-3831-4c53-bc9c-cef8c2352737
✓ Added source: 2016 Lecture 03 Maps of Meaning: Part I: The basic story and its
transformations
  Source ID: d4e40ad0-2be1-4096-a5e9-1e36ce835eb6

✓ 19 source(s) added.
-- Lote 10: enviando 20 (no notebook ~180) ...
istory of Violence: CBC Ideas
  Source ID: df993ebd-1b99-4425-8b45-f786c8336bee
✓ Added source: 2015 Personality Lecture 18: Openness - Creativity & 
Intelligence
  Source ID: 2ce06241-3f77-46d4-9e98-89d16a0cd0e0
✓ Added source: 2015 Maps of Meaning 10: Genesis I / Part 2 (Jordan Peterson)
  Source ID: b4174783-4fe3-49f2-9166-091948727e64
✓ Added source: 2015 Maps of Meaning 10: Culture & Anomaly / Part 1 (Jordan 
Peterson)
  Source ID: 622e877a-bd31-4064-b030-eb94a454bc06

✓ 18 source(s) added.
-- Lote 11: enviando 20 (no notebook ~200) ...
-a59a-4f1a-b34d-32e3d20c5aeb
✓ Added source: 008 Maps of Meaning: 8 Dwelling on Paradise (TVO)
  Source ID: c07a8dfc-d4c9-45fc-b03d-625c3eee82d8
✓ Added source: 009 Maps of Meaning: 9 Becoming a Self (TVO)
  Source ID: ce6aa3b8-9ecf-4ac6-ad60-5817473f4ac2
✓ Added source: 010 Maps of Meaning: 10 Figuring Evil (TVO)
  Source ID: afce78ed-f3ed-45bf-bf21-1d1d344d3233
✓ Added source: 011 Maps of Meaning: 11 Losing Religion (TVO)
  Source ID: 99e17239-2060-4f16-962e-524f0ac271fd

✓ 19 source(s) added.
-- Lote 12: enviando 20 (no notebook ~220) ...
 (Part 2)
  Source ID: b289be26-d2df-4316-a2f9-a6e10140e0fe
✓ Added source: 2015 Maps of Meaning Lecture 03a: Narrative, Neuropsychology & 
Mythology I (Part 1)
  Source ID: be4a1f47-949b-407f-b11a-db70c68760a6
✓ Added source: 2015 Personality Lecture 05: Constructivism: Jean Piaget
  Source ID: ea71b5f7-5b8a-42fd-8fa0-b5b72d009bd6
✓ Added source: 2015 Personality Lecture 04: Heroic & Shamanic Initiations II: 
Mircea Eliade
  Source ID: 29972bce-8f94-4b08-8233-e1619471ef99

✓ 19 source(s) added.
-- Lote 13: enviando 20 (no notebook ~240) ...
 Binswanger & Boss (Phenomenology)
  Source ID: 1eafa498-709b-4825-98d1-742e905f9871
✓ Added source: 2014 Personality Lecture 11: Existentialism:  Viktor Frankl
  Source ID: d6778761-0625-457a-903e-7196daed7890
✓ Added source: 2014 Personality Lecture 10: Carl Rogers (Phenomenological 
Humanism)
  Source ID: 39dd3c7f-0b75-4408-a94a-2e6ddaeca032
✓ Added source: 2014 Personality Lecture 09: Sigmund Freud II (Depth Psychology)
  Source ID: db9ef8cf-48ed-4209-8282-e6749531927e

✓ 16 source(s) added.
-- Lote 14: enviando 20 (no notebook ~260) ...
d Lectures)
  Source ID: bba04c8f-f547-4cd5-bd53-027bf6e7e4c7
✓ Added source: Maps of Meaning 06 (Harvard Lectures)
  Source ID: 540c84e6-fdfe-4f78-b478-27bc7a0e6da0
✓ Added source: Maps of Meaning 04 (Harvard Lectures)
  Source ID: ae4c23e6-2f10-4032-9c12-f2441fc1601f
✓ Added source: Maps of Meaning 03 (Harvard Lectures)
  Source ID: 171a0762-aee9-404d-a62c-bd2db412a08c
✓ Added source: Maps of Meaning 02 (Harvard Lectures)
  Source ID: 037c3094-86ba-4522-a38b-ee3faecf8f9e

✓ 17 source(s) added.
-- Lote 15: enviando 3 (no notebook ~280) ...
Adding 3 URLs...
✓ Added source: Maps of Meaning 01 (Harvard Lectures)
  Source ID: 30afc1b9-b15a-4bfc-ab96-4c0575cbed29
✓ Added source: Extended Interview on Maps of Meaning
  Source ID: 75e836cf-a015-4384-b60e-97e15e7f3b50
✓ Added source: Tragedy vs Evil
  Source ID: 83ef5ec8-a001-4cf9-ad7c-1f41361ab67e

✓ 3 source(s) added.
== FIM. Fontes no notebook: 283 ==
