== Alvo: 300 sermões (mais recentes). Notebook b2da3845-1123-4859-bc14-46f2f2b6a29a ==
Fontes já presentes: 3
Pendentes a adicionar: 297
-- Lote 1: enviando 20 (já no notebook ~3) ...
Slogans - Bishop Barron's Sunday Sermon
  Source ID: 62fc5bf9-61ef-414e-8ca1-095a9d464838
✓ Added source: Which Path Will You Choose? - Bishop Barron's Sunday Sermons
  Source ID: 9c29700f-c565-458d-9550-24abdcad5408
✓ Added source: Become Someone for Others - Bishop Barron's Sunday Sermon
  Source ID: 66c1c31a-01f1-4956-be15-48d13fe7ae6d
✓ Added source: Do You Want to Be Happy? - Bishop Barron's Sunday Sermon
  Source ID: a9db3454-96e9-4f51-b597-7a7308e5eaea
✓ Added source: Unity in Christ - Bishop Barron’s Sunday Sermon
  Source ID: 09f2d829-ec9e-4237-9c4d-9baad3fa2716

✓ 12 source(s) added.
-- Lote 2: enviando 20 (já no notebook ~23) ...
 The Power of Prayer - Bishop Barron’s Sunday Sermon
  Source ID: 111cbb60-54d0-40af-8f22-0564afbcd905
✓ Added source: Love for the Poor - Bishop Barron’s Sunday Sermon
  Source ID: ebd14896-adef-414a-a262-9f9ef7abc344
✓ Added source: Dialogue is in Danger: 2025 Red Mass Homily
  Source ID: 77acba63-afa7-4e5d-8783-93075c08bf26
✓ Added source: The Use—and Abuse—of Power - Bishop Barron’s Sunday Sermon
  Source ID: fb24ce83-948d-4425-885b-b31862992048
✓ Added source: Christ, and Him Crucified - Bishop Barron’s Sunday Sermon
  Source ID: 9d77d351-39c5-46da-ae48-c2f7354ecc55

✓ 17 source(s) added.
-- Lote 3: enviando 20 (já no notebook ~43) ...
ource ID: fa338874-3a5c-4505-9f70-4b931ca8f5c1
✓ Added source: The Holy Spirit Will Teach You Everything - Bishop Barron's 
Sunday Sermon
  Source ID: 1b3d8e64-d34c-4676-8b78-01a0a0cbab70
✓ Added source: The Love That Jesus Commands - Bishop Barron's Sunday Sermon
  Source ID: f4af22cf-d1a4-4415-bd56-134202225443
✓ Added source: The Voice in the Depths of Your Soul - Bishop Barron's Sunday 
Sermon
  Source ID: d9f9a707-b826-4a0f-af5a-41d78680c06d
✓ Added source: Becoming a Disciple of Jesus - Bishop Barron's Sunday Sermon
  Source ID: 0e7c80e9-e06c-4d9b-a548-c64e341ed002

✓ 16 source(s) added.
-- Lote 4: enviando 20 (já no notebook ~63) ...
 Bishop Barron's Sunday 
Sermon
  Source ID: 7608c58a-d04d-4066-8bd4-a66455e5a9e6
✓ Added source: Science Points to God - Bishop Barron's Sunday Sermon
  Source ID: 49ec43a3-82a3-465a-a759-170f40ded256
✓ Added source: Freeing Your Family for God - Bishop Barron's Sunday Sermon
  Source ID: 64415218-53c6-4125-981f-26a9044c9553
✓ Added source: Why Mary Matters - Bishop Barron's Sunday Sermon
  Source ID: 967efa5c-358d-43c2-a511-cfe3d71e9d8d
✓ Added source: The Peace that the World Can’t Give - Bishop Barron's Sunday 
Sermon
  Source ID: ffdecdd6-aa5f-48f0-a33e-17f65972e63c

✓ 15 source(s) added.
-- Lote 5: enviando 20 (já no notebook ~83) ...
n
  Source ID: bf1470c9-d3ec-42e8-b019-95924f9e4ff2
✓ Added source: Do You Accept This Teaching? - Bishop Barron's Sunday Sermon
  Source ID: 0b990211-62ee-4b74-ab33-fc10655a0580
✓ Added source: Really, Truly, and Substantially Present - Bishop Barron's 
Sunday Sermon
  Source ID: f2b8fa61-fbfd-473f-9f7e-fd1516bfda55
✓ Added source: Strength for the Journey - Bishop Barron's Sunday Sermon
  Source ID: 2adbfa6e-96f7-4635-8633-1b6ee5c05844
✓ Added source: Everything in This World Passes Away - Bishop Barron's Sunday 
Sermon
  Source ID: db403c92-2e15-40a4-abe6-c57cf459bddc

✓ 16 source(s) added.
-- Lote 6: enviando 20 (já no notebook ~103) ...
urce ID: e60e64a6-cad9-48fe-bd3a-70dfe5c13714
✓ Added source: Give Your Gifts Away  - Bishop Barron's Homily at the Good News 
Conference
  Source ID: f086d7c8-0392-4a63-8e1f-0aa40fd41020
✓ Added source: Do You Struggle to Believe? - Bishop Barron's Sunday Sermon
  Source ID: 3725ed3a-52d3-4cdf-a703-822f59e400b6
✓ Added source: Evidence of the Resurrection - Bishop Barron's Sunday Sermon
  Source ID: f5980fba-f0c8-4f59-80c3-213cb0881e2d
✓ Added source: Put Yourself in the Passion Narrative - Bishop Barron's Sunday 
Sermon
  Source ID: 04868557-7478-4299-a239-ae46e429031b

✓ 17 source(s) added.
-- Lote 7: enviando 20 (já no notebook ~123) ...
66628
✓ Added source: Classic Sunday Sermon: The One True King
  Source ID: 909f3564-62f5-4bad-aae6-7cf07609706d
✓ Added source: Classic Sunday Sermon: The Enemy of Melancholy
  Source ID: 76351414-e7c8-4996-9f00-d519a197f77a
✓ Added source: Classic Sunday Sermon: You Must Rethink Your Spiritual Life
  Source ID: e4d574f9-5afb-4477-84b2-a9018d25c1c4
✓ Added source: Classic Sunday Sermon: Your Life is Not About You
  Source ID: 14ceb8c8-4ba5-4d84-9cc4-52dfcb90b1b2
✓ Added source: Classic Sunday Sermon: God’s Rules for Life
  Source ID: add71076-efe4-4a80-8d59-9f5c24076f67

✓ 18 source(s) added.
-- Lote 8: enviando 20 (já no notebook ~143) ...
d - Bishop Barron's Sunday Sermon
  Source ID: e88a1d12-6c0c-4a50-8352-1d9fb967dff1
✓ Added source: You Can’t Be Neutral About Jesus - Bishop Barron's Sunday Sermon
  Source ID: e1e40219-bf22-45ec-a913-30a083c4e278
✓ Added source: Be Not Afraid - Bishop Barron's Sunday Sermon
  Source ID: c5edb8b8-1dc6-4b2c-88cb-e948b04de194
✓ Added source: Shepherds, Warriors, Healers - Bishop Barron's Sunday Sermon
  Source ID: f769c416-ec7f-4cb4-a8a3-8c9ea2da6dd8
✓ Added source: Food for the Hungry Heart - Bishop Barron's Sunday Sermon
  Source ID: 3aee599e-3f97-46bb-a4ca-c9139f07b661

✓ 19 source(s) added.
-- Lote 9: enviando 20 (já no notebook ~163) ...
Basics - Bishop Barron's Sunday Sermon
  Source ID: 9cf689b8-05ef-4234-9219-081ee65c9aaa
✓ Added source: Love as God Loves - Bishop Barron's Sunday Sermon
  Source ID: 24714f09-8a98-41f9-a6e5-755d3c72738c
✓ Added source: You Are the Salt of the Earth - Bishop Barron's Sunday Sermon
  Source ID: 9b0c2500-b4bd-4aaf-a03b-ad88cbd5b96b
✓ Added source: The Key to Happiness - Bishop Barron's Sunday Sermon
  Source ID: 91a32f4d-bd96-4f61-9f69-4c3c185bf6bd
✓ Added source: Join Your Life to the Light - Bishop Barron's Sunday Sermon
  Source ID: 1c3bbd4b-4492-4e39-8024-e3dc71aad184

✓ 17 source(s) added.
-- Lote 10: enviando 20 (já no notebook ~183) ...
urce ID: 3a9fc3f1-9de7-4f26-bd0e-e6daf0e3e0f7
✓ Added source: Where You Stumble, Dig for Treasure - Bishop Barron's Sunday 
Sermon
  Source ID: 976d492d-b016-44b7-a2a7-e21885d0205e
✓ Added source: How Are You Caring for the Poor? - Bishop Barron's Sunday Sermon
  Source ID: 5716ca8f-7168-4f02-8bdd-21c88ebbe730
✓ Added source: Don’t Demonize—or Divinize—the Powerful - Bishop Barron's Sunday
Sermon
  Source ID: 7c0202b6-658f-4d79-83d3-bdf70bab36bb
✓ Added source: God Is Crazy in Love with You - Bishop Barron's Sunday Sermon
  Source ID: 78c1a14a-f4fc-4744-9850-7746f597efd8

✓ 13 source(s) added.
-- Lote 11: enviando 20 (já no notebook ~203) ...
s the Trinity? - Bishop Barron's Sunday Sermons
  Source ID: f3375cde-a164-4e03-84b2-be06540de18b
✓ Added source: Seek the Mark of the Spirit - Bishop Barron's Sunday Sermon
  Source ID: 8cb4023e-ee09-422c-83eb-d6cc137d7994
✓ Added source: Come, Lord Jesus! - Bishop Barron's Sunday Sermon
  Source ID: 5056097e-3365-4ec8-b3c3-460af0a44c6d
✓ Added source: The Heavenly City - Bishop Barron's Sunday Sermon
  Source ID: efa40b58-4865-4961-97dc-f9ce66f4dfeb
✓ Added source: Rescued from the Depths - Bishop Barron's Sunday Sermon
  Source ID: 4e948fd3-7f03-40d9-84d1-4e454ed6bb8a

✓ 19 source(s) added.
-- Lote 12: enviando 20 (já no notebook ~223) ...
 Sermon
  Source ID: 14e00cd4-94c1-4b20-a383-5e3373358e6d
✓ Added source: To What Does Your Heart Belong? - Bishop Barron's Sunday Sermon
  Source ID: 8ffbc383-f10b-4fbe-ad0b-3efda3e9d260
✓ Added source: The Invasion of Grace - Bishop Barron's Sunday Sermon
  Source ID: 8ca25c8b-ebd1-41de-bc9e-b704fa2a2e02
✓ Added source: Give Away the Grace You've Been Given - Bishop Barron's Sunday 
Sermon
  Source ID: ab284e89-cef6-4669-898c-d50301678499
✓ Added source: Should We Build Walls or Bridges? — Bishop Barron’s Sunday 
Sermon
  Source ID: 0ffe1bf9-904d-4eb6-abbb-82048ac0ffee

✓ 19 source(s) added.
-- Lote 13: enviando 20 (já no notebook ~243) ...
e for a Radical Choice — Bishop Barron’s Sunday Sermon
  Source ID: 11662bf4-3886-40aa-9f19-c41fa6ecc2fd
✓ Added source: How to Fall in Love — Bishop Barron’s Sunday Sermon
  Source ID: 7a248f3e-faf9-4c28-8b59-674263a4d33d
✓ Added source: We Just Don’t Get It — Bishop Barron’s Sunday Sermon
  Source ID: 24a140c7-a1f8-426d-bf5f-3e3efb747d98
✓ Added source: Envy Will Destroy Us — Bishop Barron’s Sunday Sermon
  Source ID: 50ad09c1-6d09-49f2-bdb8-b559850babcb
✓ Added source: God Suffers for Us — Bishop Barron’s Sunday Sermon
  Source ID: 468b2d19-e38d-4e82-b67c-834a7dd52e68

✓ 18 source(s) added.
-- Lote 14: enviando 20 (já no notebook ~263) ...
 e8154646-12fa-4e7d-98f5-364b0a806bf8
✓ Added source: What “Unity in Diversity” Actually Means — Bishop Barron’s 
Sunday Sermon
  Source ID: 3c21100b-a46e-4c87-a587-8382a83f006e
✓ Added source: Jesus Is the Way, the Truth, and the Life — Bishop Barron’s 
Sunday Sermon
  Source ID: 893916aa-d080-46b8-979d-e31ec622708c
✓ Added source: What Does God Want for Me? — Bishop Barron’s Sunday Sermon
  Source ID: cd2cd3c6-1cc0-4611-b45a-3c2354f274d0
✓ Added source: How to Know Christ Is Alive in You — Bishop Barron’s Sunday 
Sermon
  Source ID: fcfc6609-9736-4b00-9dfd-572b6db2bdb4

✓ 20 source(s) added.
-- Lote 15: enviando 17 (já no notebook ~283) ...
 
Sermon
  Source ID: 25617fc4-b9a7-43d0-9dd5-9c4644760928
✓ Added source: We Fight for Life: Homily from the Requiem Mass for the Unborn
  Source ID: 3e884930-10ca-4cad-a66c-57d4209c2fa6
✓ Added source: There’s Nowhere to Run — Bishop Barron’s Sunday Sermon
  Source ID: 8d15af1c-64e1-42e6-99e2-4496d0c22d53
✓ Added source: Available Now: Lenten Gospel Reflections from Bishop Barron
  Source ID: c4976645-7257-42fa-a123-ce057d229378
✓ Added source: God Is Speaking—But Are We Ready to Listen? — Bishop Barron’s 
Sunday Sermon
  Source ID: 4a3577d3-ff32-45fc-a85a-f845d84b67eb

✓ 15 source(s) added.
== FIM. Fontes no notebook agora: 300 (meta 300) ==
