=== 33 sources prontas; total 7.81 MB ===
Maior: 1041 KB (On the Generation of Animals)

Criando notebook 'Aristóteles (completo)'...
Notebook criado: 48eb1ca3-5f9b-484a-be94-fe959c3e40dc
[01/33] 01. Categories (Aristotle, tr. Edghill)  (80 KB)
     → OK  source_id=ca3ed492
[02/33] 02. On Interpretation (Aristotle, tr. Edghill)  (55 KB)
     → OK  source_id=cfc5a13a
[03/33] 03. Prior Analytics (Aristotle, tr. Jenkinson)  (255 KB)
     → OK  source_id=cb86bbf8
[04/33] 04. Posterior Analytics (Aristotle, tr. Mure)  (188 KB)
     → OK  source_id=529ffbc7
[05/33] 05. Topics (Aristotle, tr. Pickard-Cambridge)  (383 KB)
     → OK  source_id=b2f395bb
[06/33] 06. On Sophistical Refutations (Aristotle, tr. Pickard-Cambridge)  (126 KB)
     → OK  source_id=32f499db
[07/33] 07. Physics (Aristotle, tr. Hardie & Gaye)  (455 KB)
     → OK  source_id=9df489d1
[08/33] 08. On the Heavens (Aristotle, tr. Stocks)  (221 KB)
     → OK  source_id=21ff09b2
[09/33] 09. On Generation and Corruption (Aristotle, tr. Joachim)  (152 KB)
     → OK  source_id=2816de5a
[10/33] 10. Meteorology (Aristotle, tr. Webster)  (230 KB)
     → OK  source_id=221d62d9
[11/33] 11. On the Soul (De Anima) (Aristotle, tr. Smith)  (176 KB)
     → OK  source_id=a100c89c
[12/33] 12. On Sense and the Sensible (Aristotle, tr. Beare)  (75 KB)
     → OK  source_id=f238eb47
[13/33] 13. On Memory and Reminiscence (Aristotle, tr. Beare)  (27 KB)
     → OK  source_id=e8365136
[14/33] 14. On Sleep and Sleeplessness (Aristotle, tr. Beare)  (26 KB)
     → OK  source_id=ebbeda3b
[15/33] 15. On Dreams (Aristotle, tr. Beare)  (23 KB)
     → OK  source_id=4d01c3c0
[16/33] 16. On Prophesying by Dreams (Aristotle, tr. Beare)  (12 KB)
     → OK  source_id=2810ec8f
[17/33] 17. On Longevity and Shortness of Life (Aristotle, tr. Ross)  (14 KB)
     → OK  source_id=da8ed1f4
[18/33] 18. On Youth and Old Age, On Life and Death, On Breathing (Aristotle, tr. Ross)  (59 KB)
     → OK  source_id=54938a2d
[19/33] 19. The History of Animals (Aristotle, tr. Thompson)  (698 KB)
     → OK  source_id=3f79e588
[20/33] 20. On the Parts of Animals (Aristotle, tr. Ogle)  (329 KB)
     → OK  source_id=a9d37962
[21/33] 21. On the Motion of Animals (Aristotle, tr. Farquharson)  (31 KB)
     → OK  source_id=2424e527
[22/33] 22. On the Gait of Animals (Aristotle, tr. Farquharson)  (43 KB)
     → OK  source_id=9d0b27c8
[23/33] 23. On the Generation of Animals (Aristotle, tr. Peck (Loeb))  (1041 KB)
     → OK  source_id=42a7564f
[24/33] 24. Metaphysics (Aristotle, tr. Ross)  (604 KB)
     → OK  source_id=61f29df1
[25/33] 25. Nicomachean Ethics (Aristotle, tr. Ross)  (456 KB)
     → OK  source_id=207283a6
[26/33] 26. Eudemian Ethics (Aristotle, tr. Solomon (Loeb))  (644 KB)
     → OK  source_id=212b2bfa
[27/33] 27. Magna Moralia (Aristotle, tr. Stock (Oxford))  (541 KB)
     → OK  source_id=8eb340ce
[28/33] 28. On Virtues and Vices (Aristotle, tr. Rackham (Loeb))  (41 KB)
     → OK  source_id=e9642241
[29/33] 29. Politics (Aristotle, tr. Jowett)  (100 KB)
     → OK  source_id=1a4b5dd3
[30/33] 30. The Athenian Constitution (Aristotle, tr. Kenyon)  (139 KB)
     → OK  source_id=3368156c
[31/33] 31. Economics (Oeconomica) (Aristotle, tr. Forster (Oxford))  (326 KB)
     → OK  source_id=5bdb7a3a
[32/33] 32. Rhetoric (Aristotle, tr. Rhys Roberts)  (373 KB)
     → OK  source_id=5f05b438
[33/33] 33. Poetics (Aristotle, tr. Butcher)  (80 KB)
     → OK  source_id=ada9deca

=== Upload concluído: ok=33  failed=0 ===
Notebook ID: 48eb1ca3-5f9b-484a-be94-fe959c3e40dc
Manifest: _raw/notebook_aristoteles.json
