=== Disparando Geração da Aula 1 (Retry) ===
Solicitando aos servidores do Google...
✅ Aula 1 aceita na fila de processamento! ID de rastreio: d6b53ce8-c4ce-4253-83e2-5fbfb8cc33e5
Iniciando contagem regressiva de 8 minutos para aguardar o NotebookLM gerar o conteúdo...
  ... 30 / 480 segundos...
  ... 60 / 480 segundos...
  ... 90 / 480 segundos...
  ... 120 / 480 segundos...
  ... 150 / 480 segundos...
  ... 180 / 480 segundos...
  ... 210 / 480 segundos...
  ... 240 / 480 segundos...
  ... 270 / 480 segundos...
  ... 300 / 480 segundos...
  ... 330 / 480 segundos...
  ... 360 / 480 segundos...
  ... 390 / 480 segundos...
  ... 420 / 480 segundos...
  ... 450 / 480 segundos...
  ... 480 / 480 segundos...
Tentando baixar a Aula 1 gora...

❌ O Google ainda não terminou de gerar ou deu erro novamente. Tente o download depois com:
 nlm download audio 04f4aac0-924c-4803-8b28-9ae89cbcb30f --id d6b53ce8-c4ce-4253-83e2-5fbfb8cc33e5 --output "curso_drafts_audios/01_aula_captura.m4a"
